[14552:0801/152727:ERROR:browser_main_loop.cc(170)] Running without the SUID sandbox! See https://code.google.com/p/chromium/wiki/LinuxSUIDSandboxDevelopment for more information on developing with the sandbox on.
ATTENTION: default value of option force_s3tc_enable overridden by environment.
App load time: 323ms
[14604:0801/152727:INFO:renderer_main.cc(212)] Renderer process started
[14552:0801/152728:INFO:CONSOLE(133)] "Loading Emmet extensions from", source: /home/tom/.atom/packages/emmet/lib/emmet.coffee (133)
[14552:0801/152728:INFO:CONSOLE(150)] "Emmet: no such extension folder:", source: /home/tom/.atom/packages/emmet/lib/emmet.coffee (150)
[14552:0801/152728:INFO:CONSOLE(56)] "Window load time: 989ms", source: file:///usr/share/atom/resources/app.asar/static/index.js (56)
[14685:0801/153045:INFO:renderer_main.cc(212)] Renderer process started
[14552:0801/153046:INFO:CONSOLE(133)] "Loading Emmet extensions from", source: /home/tom/.atom/packages/emmet/lib/emmet.coffee (133)
[14552:0801/153046:INFO:CONSOLE(150)] "Emmet: no such extension folder:", source: /home/tom/.atom/packages/emmet/lib/emmet.coffee (150)
[14552:0801/153046:INFO:CONSOLE(56)] "Window load time: 982ms", source: file:///usr/share/atom/resources/app.asar/static/index.js (56)
Cannot read property 'map' of undefined
TypeError: Cannot read property 'map' of undefined
    at AtomApplication.module.exports.AtomApplication.openPaths (/usr/share/atom/resources/app.asar/src/browser/atom-application.js:600:32)
    at /usr/share/atom/resources/app.asar/src/browser/atom-application.js:895:24
    at Function.wrappedCallback (/usr/share/atom/resources/atom.asar/browser/api/lib/dialog.js:78:16)
[14552:0801/155938:INFO:CONSOLE(167)] "Git-plus: Using git at", source: /home/tom/.atom/packages/git-plus/lib/git.coffee (167)
[14552:0801/155938:INFO:CONSOLE(167)] "Git-plus: Using git at", source: /home/tom/.atom/packages/git-plus/lib/git.coffee (167)
[14552:0801/155938:INFO:CONSOLE(167)] "Git-plus: Using git at", source: /home/tom/.atom/packages/git-plus/lib/git.coffee (167)
[14552:0801/155938:INFO:CONSOLE(167)] "Git-plus: Using git at", source: /home/tom/.atom/packages/git-plus/lib/git.coffee (167)
[14552:0801/155951:INFO:CONSOLE(167)] "Git-plus: Using git at", source: /home/tom/.atom/packages/git-plus/lib/git.coffee (167)
[14552:0801/155951:INFO:CONSOLE(167)] "Git-plus: Using git at", source: /home/tom/.atom/packages/git-plus/lib/git.coffee (167)
[14552:0801/160010:INFO:CONSOLE(167)] "Git-plus: Using git at", source: /home/tom/.atom/packages/git-plus/lib/git.coffee (167)
[14552:0801/160010:INFO:CONSOLE(167)] "Git-plus: Using git at", source: /home/tom/.atom/packages/git-plus/lib/git.coffee (167)
[14552:0801/160010:INFO:CONSOLE(167)] "Git-plus: Using git at", source: /home/tom/.atom/packages/git-plus/lib/git.coffee (167)
[14552:0801/160010:INFO:CONSOLE(167)] "Git-plus: Using git at", source: /home/tom/.atom/packages/git-plus/lib/git.coffee (167)
[14552:0801/160016:INFO:CONSOLE(167)] "Git-plus: Using git at", source: /home/tom/.atom/packages/git-plus/lib/git.coffee (167)
[14552:0801/160017:INFO:CONSOLE(167)] "Git-plus: Using git at", source: /home/tom/.atom/packages/git-plus/lib/git.coffee (167)
[14552:0801/160033:INFO:CONSOLE(167)] "Git-plus: Using git at", source: /home/tom/.atom/packages/git-plus/lib/git.coffee (167)
[14552:0801/160033:INFO:CONSOLE(167)] "Git-plus: Using git at", source: /home/tom/.atom/packages/git-plus/lib/git.coffee (167)
[14552:0801/160033:INFO:CONSOLE(167)] "Git-plus: Using git at", source: /home/tom/.atom/packages/git-plus/lib/git.coffee (167)
[14552:0801/164825:INFO:CONSOLE(167)] "Git-plus: Using git at", source: /home/tom/.atom/packages/git-plus/lib/git.coffee (167)
[14552:0801/164825:INFO:CONSOLE(167)] "Git-plus: Using git at", source: /home/tom/.atom/packages/git-plus/lib/git.coffee (167)
[14552:0801/164902:INFO:CONSOLE(167)] "Git-plus: Using git at", source: /home/tom/.atom/packages/git-plus/lib/git.coffee (167)
[14552:0801/164902:INFO:CONSOLE(167)] "Git-plus: Using git at", source: /home/tom/.atom/packages/git-plus/lib/git.coffee (167)
[14552:0801/164902:INFO:CONSOLE(167)] "Git-plus: Using git at", source: /home/tom/.atom/packages/git-plus/lib/git.coffee (167)
[14552:0801/164902:INFO:CONSOLE(167)] "Git-plus: Using git at", source: /home/tom/.atom/packages/git-plus/lib/git.coffee (167)
[14552:0801/174253:INFO:CONSOLE(167)] "Git-plus: Using git at", source: /home/tom/.atom/packages/git-plus/lib/git.coffee (167)
[14552:0801/174253:INFO:CONSOLE(167)] "Git-plus: Using git at", source: /home/tom/.atom/packages/git-plus/lib/git.coffee (167)
[14552:0801/174253:INFO:CONSOLE(167)] "Git-plus: Using git at", source: /home/tom/.atom/packages/git-plus/lib/git.coffee (167)
[14552:0801/174253:INFO:CONSOLE(167)] "Git-plus: Using git at", source: /home/tom/.atom/packages/git-plus/lib/git.coffee (167)
[14552:0801/174315:INFO:CONSOLE(167)] "Git-plus: Using git at", source: /home/tom/.atom/packages/git-plus/lib/git.coffee (167)
[14552:0801/174315:INFO:CONSOLE(167)] "Git-plus: Using git at", source: /home/tom/.atom/packages/git-plus/lib/git.coffee (167)
[23073:0801/200420:INFO:renderer_main.cc(212)] Renderer process started
[14552:0801/200421:INFO:CONSOLE(133)] "Loading Emmet extensions from", source: /home/tom/.atom/packages/emmet/lib/emmet.coffee (133)
[14552:0801/200421:INFO:CONSOLE(150)] "Emmet: no such extension folder:", source: /home/tom/.atom/packages/emmet/lib/emmet.coffee (150)
[14552:0801/200421:INFO:CONSOLE(56)] "Window load time: 1133ms", source: file:///usr/share/atom/resources/app.asar/static/index.js (56)
[14552:0801/220055:INFO:CONSOLE(167)] "Git-plus: Using git at", source: /home/tom/.atom/packages/git-plus/lib/git.coffee (167)
[14552:0801/220055:INFO:CONSOLE(167)] "Git-plus: Using git at", source: /home/tom/.atom/packages/git-plus/lib/git.coffee (167)
[14552:0801/220055:INFO:CONSOLE(167)] "Git-plus: Using git at", source: /home/tom/.atom/packages/git-plus/lib/git.coffee (167)
[14552:0801/220055:INFO:CONSOLE(167)] "Git-plus: Using git at", source: /home/tom/.atom/packages/git-plus/lib/git.coffee (167)
[14552:0801/220111:INFO:CONSOLE(167)] "Git-plus: Using git at", source: /home/tom/.atom/packages/git-plus/lib/git.coffee (167)
[14552:0801/220111:INFO:CONSOLE(167)] "Git-plus: Using git at", source: /home/tom/.atom/packages/git-plus/lib/git.coffee (167)
